0 info it worked if it ends with ok
1 verbose cli [ 'node', '/usr/local/bin/npm', 'run', 'build' ]
2 info using npm@2.1.14
3 info using node@v0.10.34
4 verbose run-script [ 'prebuild', 'build', 'postbuild' ]
5 info prebuild milestone-viewer@1.0.0
6 info build milestone-viewer@1.0.0
7 verbose unsafe-perm in lifecycle true
8 info milestone-viewer@1.0.0 Failed to exec build script
9 verbose stack Error: milestone-viewer@1.0.0 build: `webpack --progress --colors`
9 verbose stack Exit status 8
9 verbose stack     at EventEmitter.<anonymous> (/usr/local/lib/node_modules/npm/lib/utils/lifecycle.js:212:16)
9 verbose stack     at EventEmitter.emit (events.js:98:17)
9 verbose stack     at ChildProcess.<anonymous> (/usr/local/lib/node_modules/npm/lib/utils/spawn.js:14:12)
9 verbose stack     at ChildProcess.emit (events.js:98:17)
9 verbose stack     at maybeClose (child_process.js:766:16)
9 verbose stack     at Process.ChildProcess._handle.onexit (child_process.js:833:5)
10 verbose pkgid milestone-viewer@1.0.0
11 verbose cwd /Users/joseph/Documents/Developement/cozycloud/dev-env/milestone-viewer
12 error Darwin 13.4.0
13 error argv "node" "/usr/local/bin/npm" "run" "build"
14 error node v0.10.34
15 error npm  v2.1.14
16 error code ELIFECYCLE
17 error milestone-viewer@1.0.0 build: `webpack --progress --colors`
17 error Exit status 8
18 error Failed at the milestone-viewer@1.0.0 build script 'webpack --progress --colors'.
18 error This is most likely a problem with the milestone-viewer package,
18 error not with npm itself.
18 error Tell the author that this fails on your system:
18 error     webpack --progress --colors
18 error You can get their info via:
18 error     npm owner ls milestone-viewer
18 error There is likely additional logging output above.
19 verbose exit [ 1, true ]
